<?xml version="1.0" encoding="UTF-8"?>
<testsuite name="com.zhuzhu.test.HashMapTest" tests="1" skipped="0" failures="0" errors="0" timestamp="2021-06-04T07:22:37" hostname="bogon" time="0.004">
  <properties/>
  <testcase name="testHashMapPut3" classname="com.zhuzhu.test.HashMapTest" time="0.004"/>
  <system-out><![CDATA[set up

map capacity:4
map loadFactor:1.0
map threshold:4
map table:[Ljava.util.HashMap$Node;@33a39cef
map size:2

map capacity:4
map loadFactor:1.0
map threshold:4
map table:[Ljava.util.HashMap$Node;@33a39cef
map size:3

map capacity:4
map loadFactor:1.0
map threshold:4
map table:[Ljava.util.HashMap$Node;@33a39cef
map size:4

tear down
]]></system-out>
  <system-err><![CDATA[]]></system-err>
</testsuite>
